\BOOKMARK [0][-]{chapter*.2}{\376\377\201\364\213\035\212\136}{}% 1
\BOOKMARK [0][-]{chapter*.2}{\376\377\144\130\211\201}{}% 2
\BOOKMARK [0][-]{chapter*.2}{\376\377\000A\000b\000s\000t\000r\000a\000c\000t}{}% 3
\BOOKMARK [0][-]{section*.3}{\376\377\166\356\153\041}{}% 4
\BOOKMARK [0][-]{section*.4}{\376\377\210\150\166\356\153\041}{}% 5
\BOOKMARK [0][-]{section*.5}{\376\377\127\026\166\356\153\041}{}% 6
\BOOKMARK [0][-]{chapter.1}{\376\377\116\055\127\013\145\207\133\170}{}% 7
\BOOKMARK [1][-]{section.1.1}{\376\377\121\372\136\053\210\150}{chapter.1}% 8
\BOOKMARK [1][-]{section.1.2}{\376\377\167\355\153\114\210\114\145\071\133\127}{chapter.1}% 9
\BOOKMARK [1][-]{section.1.3}{\376\377\131\313\137\227\211\177\134\161\133\264\220\112\212\030}{chapter.1}% 10
\BOOKMARK [0][-]{chapter.2}{\376\377\116\055\127\013\145\207\133\170}{}% 11
\BOOKMARK [1][-]{section.2.1}{\376\377\121\372\136\053\210\150}{chapter.2}% 12
\BOOKMARK [1][-]{section.2.2}{\376\377\167\355\153\114\210\114}{chapter.2}% 13
\BOOKMARK [0][-]{chapter.3}{\376\377\116\055\145\207\156\054\212\146}{}% 14
\BOOKMARK [1][-]{section.3.1}{\376\377\123\362\212\030}{chapter.3}% 15
\BOOKMARK [1][-]{section.3.2}{\376\377\134\161\155\167\175\223}{chapter.3}% 16
\BOOKMARK [0][-]{chapter.4}{\376\377\202\361\145\207\156\054\212\146}{}% 17
\BOOKMARK [1][-]{section.4.1}{\376\377\121\372\136\053\210\150}{chapter.4}% 18
\BOOKMARK [1][-]{section.4.2}{\376\377\167\355\153\114\210\114}{chapter.4}% 19
\BOOKMARK [0][-]{chapter.5}{\376\377\172\340\124\015\377\010\172\340\173\300\171\072\117\213\377\011}{}% 20
\BOOKMARK [1][-]{section.5.1}{\376\377\173\300\124\015}{chapter.5}% 21
\BOOKMARK [2][-]{subsection.5.1.1}{\376\377\134\017\173\300\124\015}{section.5.1}% 22
\BOOKMARK [3][-]{subsubsection.5.1.1.1}{\376\377\134\017\134\017\173\300}{subsection.5.1.1}% 23
\BOOKMARK [1][-]{section.5.2}{\376\377\145\207\133\127}{chapter.5}% 24
\BOOKMARK [1][-]{section.5.3}{\376\377\127\026\162\107}{chapter.5}% 25
\BOOKMARK [2][-]{subsection.5.3.1}{\376\377\143\322\121\145\127\026\162\107}{section.5.3}% 26
\BOOKMARK [2][-]{subsection.5.3.2}{\376\377\143\322\121\145\125\256\116\000\127\026\162\107}{section.5.3}% 27
\BOOKMARK [2][-]{subsection.5.3.3}{\376\377\143\322\121\145\131\032\137\065\127\026\162\107}{section.5.3}% 28
\BOOKMARK [0][-]{section*.12}{\376\377\123\303\200\003\145\207\163\173}{}% 29
